0 info it worked if it ends with ok
1 verbose cli [ '/Users/ryanmascolo/.nvm/versions/node/v6.11.2/bin/node',
1 verbose cli   '/Users/ryanmascolo/.nvm/versions/node/v6.11.2/bin/npm',
1 verbose cli   'start' ]
2 info using npm@3.10.10
3 info using node@v6.11.2
4 verbose config Skipping project config: /Users/ryanmascolo/.npmrc. (matches userconfig)
5 verbose stack Error: ENOENT: no such file or directory, open '/Users/ryanmascolo/package.json'
5 verbose stack     at Error (native)
6 verbose cwd /Users/ryanmascolo/Coding/flatiron_final_projects/final_project_project_management_app/project_management_app_backend
7 error Darwin 17.5.0
8 error argv "/Users/ryanmascolo/.nvm/versions/node/v6.11.2/bin/node" "/Users/ryanmascolo/.nvm/versions/node/v6.11.2/bin/npm" "start"
9 error node v6.11.2
10 error npm  v3.10.10
11 error path /Users/ryanmascolo/package.json
12 error code ENOENT
13 error errno -2
14 error syscall open
15 error enoent ENOENT: no such file or directory, open '/Users/ryanmascolo/package.json'
16 error enoent ENOENT: no such file or directory, open '/Users/ryanmascolo/package.json'
16 error enoent This is most likely not a problem with npm itself
16 error enoent and is related to npm not being able to find a file.
17 verbose exit [ -2, true ]
